<?xml version="1.0" encoding="UTF-8"?>
<!-- Generated by org.testng.reporters.JUnitReportReporter -->
<testsuite hostname="DESKTOP-1JQV24J" failures="0" tests="1" name="GETAPIWithBDD.GoRestAPITest" time="2.671" errors="0" timestamp="2025-04-07T21:33:30 IST" skipped="0">
  <testcase classname="GETAPIWithBDD.GoRestAPITest" name="getAllUsers" time="2.671"/>
</testsuite> <!-- GETAPIWithBDD.GoRestAPITest -->
