<?xml version="1.0" encoding="UTF-8"?>
<!-- Generated by org.testng.reporters.JUnitReportReporter -->
<testsuite hostname="DESKTOP-1JQV24J" failures="0" tests="1" name="GETAPIWithBDD.ContactListAPITest" time="5.434" errors="0" timestamp="2025-04-07T21:08:21 IST" skipped="0">
  <testcase classname="GETAPIWithBDD.ContactListAPITest" name="getContactsAPITestInvalidTokenTest" time="5.434"/>
</testsuite> <!-- GETAPIWithBDD.ContactListAPITest -->
