<?xml version="1.0" encoding="UTF-8"?>
<!-- Generated by org.testng.reporters.JUnitReportReporter -->
<testsuite hostname="DESKTOP-1JQV24J" failures="0" tests="1" name="GETAPIWithBDD.ProductAPITest" time="3.525" errors="0" timestamp="2025-04-09T20:15:05 IST" skipped="0">
  <testcase classname="GETAPIWithBDD.ProductAPITest" name="getProductTest" time="3.525"/>
</testsuite> <!-- GETAPIWithBDD.ProductAPITest -->
