<?xml version="1.0" encoding="UTF-8"?>
<!-- Generated by org.testng.reporters.JUnitReportReporter -->
<testsuite hostname="DESKTOP-1JQV24J" failures="0" tests="1" name="GETAPIWithBDD.GetUserWithQueryParam" time="2.575" errors="0" timestamp="2025-04-09T20:44:33 IST" skipped="0">
  <testcase classname="GETAPIWithBDD.GetUserWithQueryParam" name="getSingleUserTestWithQueryParamsUsingHashMap" time="2.575"/>
</testsuite> <!-- GETAPIWithBDD.GetUserWithQueryParam -->
