<?xml version="1.0" encoding="UTF-8"?>
<!-- Generated by org.testng.reporters.JUnitReportReporter -->
<testsuite hostname="DESKTOP-1JQV24J" failures="0" tests="1" name="PetAPI.CreatePetTest" time="3.027" errors="0" timestamp="2025-04-26T09:15:18 IST" skipped="0">
  <testcase classname="PetAPI.CreatePetTest" name="createPetTest" time="3.027"/>
</testsuite> <!-- PetAPI.CreatePetTest -->
