<?xml version="1.0" encoding="UTF-8"?>
<!-- Generated by org.testng.reporters.JUnitReportReporter -->
<testsuite hostname="DESKTOP-1JQV24J" failures="0" tests="1" name="RequestResponseSpecification.ReqspecBuilderTest" time="1.916" errors="0" timestamp="2025-05-07T21:03:19 IST" skipped="0">
  <testcase classname="RequestResponseSpecification.ReqspecBuilderTest" name="getUsersTest" time="1.916"/>
</testsuite> <!-- RequestResponseSpecification.ReqspecBuilderTest -->
