<?xml version="1.0" encoding="UTF-8"?>
<!-- Generated by org.testng.reporters.JUnitReportReporter -->
<testsuite hostname="DESKTOP-1JQV24J" failures="0" tests="1" name="POSTAPITESTS.CreateUserAPITest" time="3.074" errors="0" timestamp="2025-04-12T19:58:59 IST" skipped="0">
  <testcase classname="POSTAPITESTS.CreateUserAPITest" name="createUserWithJSONFileWithStringReplacementTest" time="3.074"/>
</testsuite> <!-- POSTAPITESTS.CreateUserAPITest -->
