<?xml version="1.0" encoding="UTF-8"?>
<!-- Generated by org.testng.reporters.JUnitReportReporter -->
<testsuite hostname="DESKTOP-1JQV24J" failures="0" tests="1" name="GetCallWithDeserialization.getAllProducts" time="3.241" errors="0" timestamp="2025-04-25T22:30:02 IST" skipped="0">
  <testcase classname="GetCallWithDeserialization.getAllProducts" name="getProducts" time="3.241"/>
</testsuite> <!-- GetCallWithDeserialization.getAllProducts -->
