<?xml version="1.0" encoding="UTF-8"?>
<!-- Generated by org.testng.reporters.JUnitReportReporter -->
<testsuite hostname="DESKTOP-1JQV24J" failures="0" tests="1" name="XmlPathQuery.XmlPathTest" time="2.793" errors="0" timestamp="2025-05-05T21:07:40 IST" skipped="0">
  <testcase classname="XmlPathQuery.XmlPathTest" name="MRDataXmlTest" time="2.793"/>
</testsuite> <!-- XmlPathQuery.XmlPathTest -->
