<?xml version="1.0" encoding="UTF-8"?>
<!-- Generated by org.testng.reporters.JUnitReportReporter -->
<testsuite hostname="DESKTOP-1JQV24J" failures="0" tests="1" name="POSTAPITESTS.POSTAPIWithDifferentBody" time="4.228" errors="0" timestamp="2025-04-12T20:01:49 IST" skipped="0">
  <testcase classname="POSTAPITESTS.POSTAPIWithDifferentBody" name="bodyWithTexttest" time="4.228"/>
</testsuite> <!-- POSTAPITESTS.POSTAPIWithDifferentBody -->
