<?xml version="1.0" encoding="UTF-8"?>
<!-- Generated by org.testng.reporters.JUnitReportReporter -->
<testsuite hostname="DESKTOP-1JQV24J" failures="0" tests="1" name="DeserializationWithJsonArrayResponse.getAllUsersTest" time="2.291" errors="0" timestamp="2025-04-25T19:18:24 IST" skipped="0">
  <testcase classname="DeserializationWithJsonArrayResponse.getAllUsersTest" name="getAllUsersTest" time="2.291"/>
</testsuite> <!-- DeserializationWithJsonArrayResponse.getAllUsersTest -->
