<?xml version="1.0" encoding="UTF-8"?>
<!-- Generated by org.testng.reporters.JUnitReportReporter -->
<testsuite hostname="DESKTOP-1JQV24J" failures="0" tests="1" name="GetCallWithDeserialization.getUser" time="3.361" errors="0" timestamp="2025-04-16T20:36:16 IST" skipped="0">
  <testcase classname="GetCallWithDeserialization.getUser" name="getSingleUserTest" time="3.361"/>
</testsuite> <!-- GetCallWithDeserialization.getUser -->
